[TITLE] Customer Contact Manager
[LABELCAPTION] Customer Last Name:
[DATABASE] Shiprite
[TABLE] Contacts
[SHOWADDBUTTON] FName, LName, Name, Addr1, Addr2, Zip, City, State, Phone, Fax, CellPhone, EMail, CustomerType, Flags
[SHOWDELETEBUTTON] 3
[DEFAULTADDBUTTON] FALSE
[POSTPROCESSING] FullAddress = Addr1 + vbCRLF + City + ',`' + State + '```' + Zip
[SPECIAL] PROPERNAME

[SEARCHFIELD1] LName
[SEARCHFIELD2]
[COLUMNCOUNT] 5
[FIRSTRETURNCOLUMN] 4
[SECONDRETURNCOLUMN] -1
[FONTSIZE] 12
[HEADERHEIGHT] 600
[SEARCHFIELD] LName
[ROWHEIGHT] 800

[COLUMN] 0
[WIDTH] 20
[DATAFIELD] LName
[ALIGNHEADER] 1
[HEADERTEXT] Last Name

[COLUMN] 1
[WIDTH] 35
[DATAFIELD] Name
[ALIGNHEADER] 1
[HEADERTEXT] Company/Org Name

[COLUMN] 2
[WIDTH] 30
[DATAFIELD] FullAddress
[ALIGNHEADER] 1
[HEADERTEXT] Address

[COLUMN] 3
[WIDTH] 15
[DATAFIELD] Phone
[ALIGNHEADER] 1
[HEADERTEXT] Phone

[COLUMN] 4
[WIDTH] 12
[DATAFIELD] ID
[ALIGNHEADER] 1
[HEADERTEXT] ID
