[TITLE] Customer Contact Manager
[LABELCAPTION] Phone Number:
[DATABASE] Shiprite
[SEARCHCASE] PROPER
[TABLE] Contacts
[SHOWADDBUTTON] FName, LName, Name, Addr1, Addr2, Zip, City, State, Phone, Fax, CellPhone, EMail, BirthDate, SpecialDate, CustomerType
[SHOWDELETEBUTTON] 3
[DEFAULTADDBUTTON] FALSE
[POSTPROCESSING] FullAddress = Addr1 + vbCRLF + City + ',`' + State + '```' + Zip
[SPECIAL] PROPERNAME

[SEARCHFIELD1] Phone
[SEARCHFIELD2]
[COLUMNCOUNT] 4
[FIRSTRETURNCOLUMN] 3
[SECONDRETURNCOLUMN] -1
[FONTSIZE] 12
[HEADERHEIGHT] 600
[SEARCHFIELD] Name
[ROWHEIGHT] 800

[COLUMN] 0
[WIDTH] 150
[DATAFIELD] Phone
[ALIGNHEADER] 1
[HEADERTEXT] Phone

[COLUMN] 1
[WIDTH] 200
[DATAFIELD] Name
[ALIGNHEADER] 1
[HEADERTEXT] Company/Org Name

[COLUMN] 2
[WIDTH] 400
[DATAFIELD] FullAddress
[ALIGNHEADER] 1
[HEADERTEXT] Address

[COLUMN] 3
[WIDTH] 150
[DATAFIELD] ID
[ALIGNHEADER] 1
[HEADERTEXT] ID
